<?xml version="1.0" encoding="UTF-8"?>
<testng-results ignored="0" total="1" passed="1" failed="0" skipped="0">
  <reporter-output>
  </reporter-output>
  <suite started-at="2022-09-14T11:56:51 IST" name="Suite" finished-at="2022-09-14T11:57:09 IST" duration-ms="17880">
    <groups>
    </groups>
    <test started-at="2022-09-14T11:56:51 IST" name="Test" finished-at="2022-09-14T11:57:09 IST" duration-ms="17880">
      <class name="test.Test_05">
        <test-method is-config="true" signature="bs()[pri:0, instance:test.Test_05@1869fbd2]" started-at="2022-09-14T11:56:51 IST" name="bs" finished-at="2022-09-14T11:56:51 IST" duration-ms="7" status="PASS">
          <reporter-output>
          </reporter-output>
        </test-method> <!-- bs -->
        <test-method is-config="true" signature="setup()[pri:0, instance:test.Test_05@1869fbd2]" started-at="2022-09-14T11:56:51 IST" name="setup" finished-at="2022-09-14T11:56:55 IST" duration-ms="3844" status="PASS">
          <reporter-output>
          </reporter-output>
        </test-method> <!-- setup -->
        <test-method signature="tc_01()[pri:0, instance:test.Test_05@1869fbd2]" started-at="2022-09-14T11:56:55 IST" name="tc_01" finished-at="2022-09-14T11:57:09 IST" duration-ms="13536" status="PASS">
          <reporter-output>
          </reporter-output>
        </test-method> <!-- tc_01 -->
        <test-method is-config="true" signature="tearDown()[pri:0, instance:test.Test_05@1869fbd2]" started-at="2022-09-14T11:57:09 IST" name="tearDown" finished-at="2022-09-14T11:57:09 IST" duration-ms="484" status="PASS">
          <reporter-output>
          </reporter-output>
        </test-method> <!-- tearDown -->
      </class> <!-- test.Test_05 -->
    </test> <!-- Test -->
  </suite> <!-- Suite -->
</testng-results>
